This file contains any messages produced by compilers while
running configure, to aid debugging if configure makes a mistake.

It was created by str configure 0.0.1, which was
generated by GNU Autoconf 2.69.  Invocation command line was

  $ ./configure 

## --------- ##
## Platform. ##
## --------- ##

hostname = zouchunxudeMBP
uname -m = x86_64
uname -r = 17.2.0
uname -s = Darwin
uname -v = Darwin Kernel Version 17.2.0: Fri Sep 29 18:27:05 PDT 2017; root:xnu-4570.20.62~3/RELEASE_X86_64

/usr/bin/uname -p = i386
/bin/uname -X     = unknown

/bin/arch              = unknown
/usr/bin/arch -k       = unknown
/usr/convex/getsysinfo = unknown
/usr/bin/hostinfo      = Mach kernel version:
	 Darwin Kernel Version 17.2.0: Fri Sep 29 18:27:05 PDT 2017; root:xnu-4570.20.62~3/RELEASE_X86_64
Kernel configured for up to 4 processors.
2 processors are physically available.
4 processors are logically available.
Processor type: x86_64h (Intel x86-64h Haswell)
Processors active: 0 1 2 3
Primary memory available: 8.00 gigabytes
Default processor set: 283 tasks, 1727 threads, 4 processors
Load average: 1.48, Mach factor: 2.51
/bin/machine           = unknown
/usr/bin/oslevel       = unknown
/bin/universe          = unknown

PATH: /usr/local/opt/php@7.1/sbin
PATH: /usr/local/opt/php@7.1/bin
PATH: /usr/local/bin
PATH: /usr/local/sbin
PATH: /usr/local/bin
PATH: /usr/bin
PATH: /bin
PATH: /usr/sbin
PATH: /sbin
PATH: /Users/zouchunxu/.composer/vendor/bin


## ----------- ##
## Core tests. ##
## ----------- ##

configure:2078: checking for a BSD-compatible install
configure:2146: result: /usr/bin/install -c
configure:2157: checking whether build environment is sane
configure:2212: result: yes
configure:2363: checking for a thread-safe mkdir -p
configure:2402: result: ./install-sh -c -d
configure:2409: checking for gawk
configure:2439: result: no
configure:2409: checking for mawk
configure:2439: result: no
configure:2409: checking for nawk
configure:2439: result: no
configure:2409: checking for awk
configure:2425: found /usr/bin/awk
configure:2436: result: awk
configure:2447: checking whether make sets $(MAKE)
configure:2469: result: yes
configure:2498: checking whether make supports nested variables
configure:2515: result: yes
configure:2692: checking for gcc
configure:2708: found /usr/bin/gcc
configure:2719: result: gcc
configure:2948: checking for C compiler version
configure:2957: gcc --version >&5
Apple LLVM version 9.0.0 (clang-900.0.39.2)
Target: x86_64-apple-darwin17.2.0
Thread model: posix
InstalledDir: /Applications/Xcode.app/Contents/Developer/Toolchains/XcodeDefault.xctoolchain/usr/bin
Configured with: --prefix=/Applications/Xcode.app/Contents/Developer/usr --with-gxx-include-dir=/usr/include/c++/4.2.1
configure:2968: $? = 0
configure:2957: gcc -v >&5
Configured with: --prefix=/Applications/Xcode.app/Contents/Developer/usr --with-gxx-include-dir=/usr/include/c++/4.2.1
Apple LLVM version 9.0.0 (clang-900.0.39.2)
Target: x86_64-apple-darwin17.2.0
Thread model: posix
InstalledDir: /Applications/Xcode.app/Contents/Developer/Toolchains/XcodeDefault.xctoolchain/usr/bin
configure:2968: $? = 0
configure:2957: gcc -V >&5
clang: error: argument to '-V' is missing (expected 1 value)
clang: error: no input files
configure:2968: $? = 1
configure:2957: gcc -qversion >&5
clang: error: unknown argument: '-qversion'
clang: error: no input files
configure:2968: $? = 1
configure:2988: checking whether the C compiler works
configure:3010: gcc    conftest.c  >&5
configure:3014: $? = 0
configure:3062: result: yes
configure:3065: checking for C compiler default output file name
configure:3067: result: a.out
configure:3073: checking for suffix of executables
configure:3080: gcc -o conftest    conftest.c  >&5
configure:3084: $? = 0
configure:3106: result: 
configure:3128: checking whether we are cross compiling
configure:3136: gcc -o conftest    conftest.c  >&5
configure:3140: $? = 0
configure:3147: ./conftest
configure:3151: $? = 0
configure:3166: result: no
configure:3171: checking for suffix of object files
configure:3193: gcc -c   conftest.c >&5
configure:3197: $? = 0
configure:3218: result: o
configure:3222: checking whether we are using the GNU C compiler
configure:3241: gcc -c   conftest.c >&5
configure:3241: $? = 0
configure:3250: result: yes
configure:3259: checking whether gcc accepts -g
configure:3279: gcc -c -g  conftest.c >&5
configure:3279: $? = 0
configure:3320: result: yes
configure:3337: checking for gcc option to accept ISO C89
configure:3400: gcc  -c -g -O2  conftest.c >&5
configure:3400: $? = 0
configure:3413: result: none needed
configure:3438: checking whether gcc understands -c and -o together
configure:3460: gcc -c conftest.c -o conftest2.o
configure:3463: $? = 0
configure:3460: gcc -c conftest.c -o conftest2.o
configure:3463: $? = 0
configure:3475: result: yes
configure:3495: checking whether make supports the include directive
configure:3510: make -f confmf.GNU && cat confinc.out
this is the am__doit target
configure:3513: $? = 0
configure:3532: result: yes (GNU style)
configure:3557: checking dependency style of gcc
configure:3668: result: gcc3
configure:3693: checking how to run the C preprocessor
configure:3724: gcc -E  conftest.c
configure:3724: $? = 0
configure:3738: gcc -E  conftest.c
conftest.c:11:10: fatal error: 'ac_nonexistent.h' file not found
#include <ac_nonexistent.h>
         ^~~~~~~~~~~~~~~~~~
1 error generated.
configure:3738: $? = 1
configure: failed program was:
| /* confdefs.h */
| #define PACKAGE_NAME "str"
| #define PACKAGE_TARNAME "str"
| #define PACKAGE_VERSION "0.0.1"
| #define PACKAGE_STRING "str 0.0.1"
| #define PACKAGE_BUGREPORT "zcx00439@gmail.com"
| #define PACKAGE_URL ""
| #define PACKAGE "str"
| #define VERSION "0.0.1"
| /* end confdefs.h.  */
| #include <ac_nonexistent.h>
configure:3763: result: gcc -E
configure:3783: gcc -E  conftest.c
configure:3783: $? = 0
configure:3797: gcc -E  conftest.c
conftest.c:11:10: fatal error: 'ac_nonexistent.h' file not found
#include <ac_nonexistent.h>
         ^~~~~~~~~~~~~~~~~~
1 error generated.
configure:3797: $? = 1
configure: failed program was:
| /* confdefs.h */
| #define PACKAGE_NAME "str"
| #define PACKAGE_TARNAME "str"
| #define PACKAGE_VERSION "0.0.1"
| #define PACKAGE_STRING "str 0.0.1"
| #define PACKAGE_BUGREPORT "zcx00439@gmail.com"
| #define PACKAGE_URL ""
| #define PACKAGE "str"
| #define VERSION "0.0.1"
| /* end confdefs.h.  */
| #include <ac_nonexistent.h>
configure:3826: checking for grep that handles long lines and -e
configure:3884: result: /usr/bin/grep
configure:3889: checking for egrep
configure:3951: result: /usr/bin/grep -E
configure:3956: checking for ANSI C header files
configure:3976: gcc -c -g -O2  conftest.c >&5
configure:3976: $? = 0
configure:4049: gcc -o conftest -g -O2   conftest.c  >&5
configure:4049: $? = 0
configure:4049: ./conftest
configure:4049: $? = 0
configure:4060: result: yes
configure:4073: checking for sys/types.h
configure:4073: gcc -c -g -O2  conftest.c >&5
configure:4073: $? = 0
configure:4073: result: yes
configure:4073: checking for sys/stat.h
configure:4073: gcc -c -g -O2  conftest.c >&5
configure:4073: $? = 0
configure:4073: result: yes
configure:4073: checking for stdlib.h
configure:4073: gcc -c -g -O2  conftest.c >&5
configure:4073: $? = 0
configure:4073: result: yes
configure:4073: checking for string.h
configure:4073: gcc -c -g -O2  conftest.c >&5
configure:4073: $? = 0
configure:4073: result: yes
configure:4073: checking for memory.h
configure:4073: gcc -c -g -O2  conftest.c >&5
configure:4073: $? = 0
configure:4073: result: yes
configure:4073: checking for strings.h
configure:4073: gcc -c -g -O2  conftest.c >&5
configure:4073: $? = 0
configure:4073: result: yes
configure:4073: checking for inttypes.h
configure:4073: gcc -c -g -O2  conftest.c >&5
configure:4073: $? = 0
configure:4073: result: yes
configure:4073: checking for stdint.h
configure:4073: gcc -c -g -O2  conftest.c >&5
configure:4073: $? = 0
configure:4073: result: yes
configure:4073: checking for unistd.h
configure:4073: gcc -c -g -O2  conftest.c >&5
configure:4073: $? = 0
configure:4073: result: yes
configure:4088: checking for stdlib.h
configure:4088: result: yes
configure:4088: checking for unistd.h
configure:4088: result: yes
configure:4214: checking that generated files are newer than configure
configure:4220: result: done
configure:4243: creating ./config.status

## ---------------------- ##
## Running config.status. ##
## ---------------------- ##

This file was extended by str config.status 0.0.1, which was
generated by GNU Autoconf 2.69.  Invocation command line was

  CONFIG_FILES    = 
  CONFIG_HEADERS  = 
  CONFIG_LINKS    = 
  CONFIG_COMMANDS = 
  $ ./config.status 

on zouchunxudeMBP

config.status:854: creating Makefile
config.status:854: creating config.h
config.status:1083: executing depfiles commands
config.status:1160: cd .       && sed -e '/# am--include-marker/d' Makefile         | make -f - am--depfiles
config.status:1165: $? = 0

## ---------------- ##
## Cache variables. ##
## ---------------- ##

ac_cv_c_compiler_gnu=yes
ac_cv_env_CC_set=
ac_cv_env_CC_value=
ac_cv_env_CFLAGS_set=
ac_cv_env_CFLAGS_value=
ac_cv_env_CPPFLAGS_set=
ac_cv_env_CPPFLAGS_value=
ac_cv_env_CPP_set=
ac_cv_env_CPP_value=
ac_cv_env_LDFLAGS_set=
ac_cv_env_LDFLAGS_value=
ac_cv_env_LIBS_set=
ac_cv_env_LIBS_value=
ac_cv_env_build_alias_set=
ac_cv_env_build_alias_value=
ac_cv_env_host_alias_set=
ac_cv_env_host_alias_value=
ac_cv_env_target_alias_set=
ac_cv_env_target_alias_value=
ac_cv_header_inttypes_h=yes
ac_cv_header_memory_h=yes
ac_cv_header_stdc=yes
ac_cv_header_stdint_h=yes
ac_cv_header_stdlib_h=yes
ac_cv_header_string_h=yes
ac_cv_header_strings_h=yes
ac_cv_header_sys_stat_h=yes
ac_cv_header_sys_types_h=yes
ac_cv_header_unistd_h=yes
ac_cv_objext=o
ac_cv_path_EGREP='/usr/bin/grep -E'
ac_cv_path_GREP=/usr/bin/grep
ac_cv_path_install='/usr/bin/install -c'
ac_cv_prog_AWK=awk
ac_cv_prog_CPP='gcc -E'
ac_cv_prog_ac_ct_CC=gcc
ac_cv_prog_cc_c89=
ac_cv_prog_cc_g=yes
ac_cv_prog_make_make_set=yes
am_cv_CC_dependencies_compiler_type=gcc3
am_cv_make_support_nested_variables=yes
am_cv_prog_cc_c_o=yes

## ----------------- ##
## Output variables. ##
## ----------------- ##

ACLOCAL='${SHELL} /Users/zouchunxu/autoscan-student/3/missing aclocal-1.16'
AMDEPBACKSLASH='\'
AMDEP_FALSE='#'
AMDEP_TRUE=''
AMTAR='$${TAR-tar}'
AM_BACKSLASH='\'
AM_DEFAULT_V='$(AM_DEFAULT_VERBOSITY)'
AM_DEFAULT_VERBOSITY='1'
AM_V='$(V)'
AUTOCONF='${SHELL} /Users/zouchunxu/autoscan-student/3/missing autoconf'
AUTOHEADER='${SHELL} /Users/zouchunxu/autoscan-student/3/missing autoheader'
AUTOMAKE='${SHELL} /Users/zouchunxu/autoscan-student/3/missing automake-1.16'
AWK='awk'
CC='gcc'
CCDEPMODE='depmode=gcc3'
CFLAGS='-g -O2'
CPP='gcc -E'
CPPFLAGS=''
CYGPATH_W='echo'
DEFS='-DHAVE_CONFIG_H'
DEPDIR='.deps'
ECHO_C='\c'
ECHO_N=''
ECHO_T=''
EGREP='/usr/bin/grep -E'
EXEEXT=''
GREP='/usr/bin/grep'
INSTALL_DATA='${INSTALL} -m 644'
INSTALL_PROGRAM='${INSTALL}'
INSTALL_SCRIPT='${INSTALL}'
INSTALL_STRIP_PROGRAM='$(install_sh) -c -s'
LDFLAGS=''
LIBOBJS=''
LIBS=''
LTLIBOBJS=''
MAKEINFO='${SHELL} /Users/zouchunxu/autoscan-student/3/missing makeinfo'
MKDIR_P='./install-sh -c -d'
OBJEXT='o'
PACKAGE='str'
PACKAGE_BUGREPORT='zcx00439@gmail.com'
PACKAGE_NAME='str'
PACKAGE_STRING='str 0.0.1'
PACKAGE_TARNAME='str'
PACKAGE_URL=''
PACKAGE_VERSION='0.0.1'
PATH_SEPARATOR=':'
SET_MAKE=''
SHELL='/bin/sh'
STRIP=''
VERSION='0.0.1'
ac_ct_CC='gcc'
am__EXEEXT_FALSE=''
am__EXEEXT_TRUE='#'
am__fastdepCC_FALSE='#'
am__fastdepCC_TRUE=''
am__include='include'
am__isrc=''
am__leading_dot='.'
am__nodep='_no'
am__quote=''
am__tar='$${TAR-tar} chof - "$$tardir"'
am__untar='$${TAR-tar} xf -'
bindir='${exec_prefix}/bin'
build_alias=''
datadir='${datarootdir}'
datarootdir='${prefix}/share'
docdir='${datarootdir}/doc/${PACKAGE_TARNAME}'
dvidir='${docdir}'
exec_prefix='${prefix}'
host_alias=''
htmldir='${docdir}'
includedir='${prefix}/include'
infodir='${datarootdir}/info'
install_sh='${SHELL} /Users/zouchunxu/autoscan-student/3/install-sh'
libdir='${exec_prefix}/lib'
libexecdir='${exec_prefix}/libexec'
localedir='${datarootdir}/locale'
localstatedir='${prefix}/var'
mandir='${datarootdir}/man'
mkdir_p='$(MKDIR_P)'
oldincludedir='/usr/include'
pdfdir='${docdir}'
prefix='/usr/local'
program_transform_name='s,x,x,'
psdir='${docdir}'
sbindir='${exec_prefix}/sbin'
sharedstatedir='${prefix}/com'
sysconfdir='${prefix}/etc'
target_alias=''

## ----------- ##
## confdefs.h. ##
## ----------- ##

/* confdefs.h */
#define PACKAGE_NAME "str"
#define PACKAGE_TARNAME "str"
#define PACKAGE_VERSION "0.0.1"
#define PACKAGE_STRING "str 0.0.1"
#define PACKAGE_BUGREPORT "zcx00439@gmail.com"
#define PACKAGE_URL ""
#define PACKAGE "str"
#define VERSION "0.0.1"
#define STDC_HEADERS 1
#define HAVE_SYS_TYPES_H 1
#define HAVE_SYS_STAT_H 1
#define HAVE_STDLIB_H 1
#define HAVE_STRING_H 1
#define HAVE_MEMORY_H 1
#define HAVE_STRINGS_H 1
#define HAVE_INTTYPES_H 1
#define HAVE_STDINT_H 1
#define HAVE_UNISTD_H 1
#define HAVE_STDLIB_H 1
#define HAVE_UNISTD_H 1

configure: exit 0
